\BOOKMARK [1][-]{section.1}{Introduction}{}% 1
\BOOKMARK [1][-]{section.2}{Theory}{}% 2
\BOOKMARK [2][-]{subsection.2.1}{On classification problems}{section.2}% 3
\BOOKMARK [2][-]{subsection.2.2}{The Sigmoid function}{section.2}% 4
\BOOKMARK [2][-]{subsection.2.3}{The Relu activation function}{section.2}% 5
\BOOKMARK [2][-]{subsection.2.4}{Logistic Regression}{section.2}% 6
\BOOKMARK [3][-]{subsubsection.2.4.1}{Fitting Logistic Regression Models}{subsection.2.4}% 7
\BOOKMARK [2][-]{subsection.2.5}{Neural Networks}{section.2}% 8
\BOOKMARK [3][-]{subsubsection.2.5.1}{Choosing cost functions}{subsection.2.5}% 9
\BOOKMARK [3][-]{subsubsection.2.5.2}{Gradient descent and minimizing cost functions}{subsection.2.5}% 10
\BOOKMARK [3][-]{subsubsection.2.5.3}{Implementing backpropagation}{subsection.2.5}% 11
\BOOKMARK [3][-]{subsubsection.2.5.4}{Regularization in Neural Networks}{subsection.2.5}% 12
\BOOKMARK [1][-]{section.3}{Datasets}{}% 13
\BOOKMARK [2][-]{subsection.3.1}{Data generated by the Franke Function}{section.3}% 14
\BOOKMARK [2][-]{subsection.3.2}{Default of credit card clients}{section.3}% 15
\BOOKMARK [1][-]{section.4}{Application and results}{}% 16
\BOOKMARK [2][-]{subsection.4.1}{Scoring metrics for classification problems}{section.4}% 17
\BOOKMARK [2][-]{subsection.4.2}{Results and comparison }{section.4}% 18
\BOOKMARK [3][-]{subsubsection.4.2.1}{Regression on the Franke Function data}{subsection.4.2}% 19
\BOOKMARK [3][-]{subsubsection.4.2.2}{Classification on the Credit Card data}{subsection.4.2}% 20
\BOOKMARK [1][-]{section.5}{Conclusion and final remarks}{}% 21
\BOOKMARK [2][-]{subsection.5.1}{Conclusion: Assessing the different models}{section.5}% 22
\BOOKMARK [2][-]{subsection.5.2}{Final remarks}{section.5}% 23
\BOOKMARK [2][-]{subsection.5.3}{Feedback for future versions of this course}{section.5}% 24
\BOOKMARK [1][-]{section.6}{Appendix}{}% 25
\BOOKMARK [2][-]{subsection.6.1}{Section 2 \204 Network Architecture}{section.6}% 26
\BOOKMARK [2][-]{subsection.6.2}{Section 3 \204 Datasets}{section.6}% 27
\BOOKMARK [2][-]{subsection.6.3}{Section 4 \204 Results \(Misc plots\)}{section.6}% 28
